<?xml version="1.0" encoding="UTF-8"?>
<!-- Generated by org.testng.reporters.JUnitReportReporter -->
<testsuite hostname="DESKTOP-IIV738E" failures="0" tests="2" name="invest.TestCases.ValidCridentials" time="0.052" errors="0" timestamp="2022-06-15T19:23:19 IST" skipped="0">
  <testcase classname="invest.TestCases.ValidCridentials" name="addition1" time="0.042"/>
  <system-out/>
  <testcase classname="invest.TestCases.ValidCridentials" name="addition2" time="0.010"/>
  <system-out/>
</testsuite> <!-- invest.TestCases.ValidCridentials -->
